<?xml version="1.0" encoding="UTF-8"?>
<!-- Generated by org.testng.reporters.JUnitReportReporter -->
<testsuite skipped="0" hostname="DESKTOP-P52D93K" name="test.TestMaven" tests="1" failures="0" timestamp="25 Mar 2019 12:21:48 GMT" time="36.277" errors="0">
  <testcase name="firstMaven" time="36.277" classname="test.TestMaven"/>
</testsuite> <!-- test.TestMaven -->
