<?xml version="1.0" encoding="UTF-8"?>
<!-- Generated by org.testng.reporters.JUnitReportReporter -->
<testsuite skipped="0" hostname="DESKTOP-P52D93K" name="test.TestMaven" tests="1" failures="0" timestamp="25 Mar 2019 17:04:25 GMT" time="19.462" errors="0">
  <testcase name="firstMaven" time="19.462" classname="test.TestMaven"/>
</testsuite> <!-- test.TestMaven -->
